CHANGE LOG

prototype 2
	Main.java
		-rudimentary read-write capibilities with data.dat
	Sys.java
		-added getter and setter methods
		-added Sys.add(Headmate h) to add headmates to the system
		-added Sys.toString()
	Headmate.java
		-added getters, setters, and clear methods for all vars
		-added Headmate.toString()

prototype 3
	Main.java
		-refactored
	Headmate.java
		-moved to models folder and refactored
	Subsystem.java
		-deleted and incorporated within Sys.java
	Sys.java
		-moved to models folder and refactored

prototype 4
	-refactored project to use Maven and implemented basic JSON testing